API Rodando na porta: 8080.
get /singers 200 OK
get /musics 200 OK
get /category 200 OK
get /solicitations 200 OK
get /musics 200 OK
put /musics 200 OK
get /musics 200 OK
get /solicitations 200 OK
get /singers 200 OK
get /category 200 OK
get /musics 200 OK
get /singers 200 OK
get /category 200 OK
get /musics 200 OK
get /solicitations 200 OK
get /solicitations 200 OK
get /solicitations 200 OK
get /category 200 OK
get /singers 200 OK
get /musics 200 OK
get /singers 200 OK
get /musics 200 OK
get /category 200 OK
